<?xml version="1.0" encoding="UTF-8"?>
<!-- Generated by org.testng.reporters.JUnitReportReporter -->
<testsuite hostname="YUVARAJ" failures="0" tests="4" name="com.TestNG.Grouping_examples" time="0.029" errors="0" timestamp="2022-12-27T22:37:07 IST" skipped="0">
  <testcase classname="com.TestNG.Grouping_examples" name="ronaldo" time="0.003"/>
  <system-out/>
  <testcase classname="com.TestNG.Grouping_examples" name="verstappen" time="0.009"/>
  <system-out/>
  <testcase classname="com.TestNG.Grouping_examples" name="hamilton" time="0.015"/>
  <system-out/>
  <testcase classname="com.TestNG.Grouping_examples" name="messi" time="0.002"/>
  <system-out/>
</testsuite> <!-- com.TestNG.Grouping_examples -->
