<?xml version="1.0" encoding="UTF-8"?>
<!-- Generated by org.testng.reporters.JUnitReportReporter -->
<testsuite hostname="YUVARAJ" failures="0" tests="4" name="com.TestNG.Dependencies" time="0.008" errors="0" timestamp="2022-12-27T22:10:25 IST" skipped="0">
  <testcase classname="com.TestNG.Dependencies" name="goingtomovie" time="0.001"/>
  <system-out/>
  <testcase classname="com.TestNG.Dependencies" name="tickedbooked" time="0.003"/>
  <system-out/>
  <testcase classname="com.TestNG.Dependencies" name="moviewatched" time="0.002"/>
  <system-out/>
  <testcase classname="com.TestNG.Dependencies" name="returnedhome" time="0.002"/>
  <system-out/>
</testsuite> <!-- com.TestNG.Dependencies -->
