<?xml version="1.0" encoding="UTF-8"?>
<!-- Generated by org.testng.reporters.JUnitReportReporter -->
<testsuite hostname="YUVARAJ" failures="0" tests="2" name="com.TestNG.Parallel_testing" time="16.070" errors="0" timestamp="2022-12-28T07:09:17 IST" skipped="0">
  <testcase classname="com.TestNG.Parallel_testing" name="openfacebook" time="7.428"/>
  <system-out/>
  <testcase classname="com.TestNG.Parallel_testing" name="openamazon" time="8.642"/>
  <system-out/>
</testsuite> <!-- com.TestNG.Parallel_testing -->
