<?xml version="1.0" encoding="UTF-8"?>
<!-- Generated by org.testng.reporters.JUnitReportReporter -->
<testsuite hostname="YUVARAJ" failures="0" tests="1" name="com.TestNG.Assertions" time="0.019" errors="0" timestamp="2022-12-28T12:05:09 IST" skipped="0">
  <testcase classname="com.TestNG.Assertions" name="Goat" time="0.019"/>
  <system-out/>
</testsuite> <!-- com.TestNG.Assertions -->
