<?xml version="1.0" encoding="UTF-8"?>
<!-- Generated by org.testng.reporters.JUnitReportReporter -->
<testsuite hostname="YUVARAJ" failures="0" tests="1" name="com.TestNG.Parameterization" time="0.014" errors="0" timestamp="2022-12-28T06:39:33 IST" skipped="0">
  <testcase classname="com.TestNG.Parameterization" name="athlete" time="0.014"/>
  <system-out/>
</testsuite> <!-- com.TestNG.Parameterization -->
