<?xml version="1.0" encoding="UTF-8"?>
<!-- Generated by org.testng.reporters.JUnitReportReporter -->
<testsuite hostname="YUVARAJ" failures="0" tests="4" name="com.TestNG.Sample_testcase" time="0.012" errors="0" timestamp="2022-12-27T22:10:25 IST" skipped="0">
  <testcase classname="com.TestNG.Sample_testcase" name="fourthtestcase" time="0.002"/>
  <system-out/>
  <testcase classname="com.TestNG.Sample_testcase" name="secondtestcase" time="0.003"/>
  <system-out/>
  <testcase classname="com.TestNG.Sample_testcase" name="firsttestcase" time="0.002"/>
  <system-out/>
  <testcase classname="com.TestNG.Sample_testcase" name="thirdtestcase" time="0.005"/>
  <system-out/>
</testsuite> <!-- com.TestNG.Sample_testcase -->
