<?xml version="1.0" encoding="UTF-8"?>
<!-- Generated by org.testng.reporters.JUnitReportReporter -->
<testsuite hostname="YUVARAJ" failures="0" tests="2" name="com.TestNG.NewTest" time="0.016" errors="0" timestamp="2022-12-28T12:27:11 IST" skipped="0">
  <testcase classname="com.TestNG.NewTest" name="anothertest" time="0.004"/>
  <system-out/>
  <testcase classname="com.TestNG.NewTest" name="Test" time="0.012"/>
  <system-out/>
</testsuite> <!-- com.TestNG.NewTest -->
