<?xml version="1.0" encoding="UTF-8"?>
<!-- Generated by org.testng.reporters.JUnitReportReporter -->
<testsuite hostname="YUVARAJ" failures="0" tests="5" name="com.TestNG.Priorityexamples" time="0.029" errors="0" timestamp="2022-12-27T22:10:25 IST" skipped="0">
  <testcase classname="com.TestNG.Priorityexamples" name="messi" time="0.016"/>
  <system-out/>
  <testcase classname="com.TestNG.Priorityexamples" name="ronaldo" time="0.003"/>
  <system-out/>
  <testcase classname="com.TestNG.Priorityexamples" name="pele" time="0.004"/>
  <system-out/>
  <testcase classname="com.TestNG.Priorityexamples" name="maradona" time="0.004"/>
  <system-out/>
  <testcase classname="com.TestNG.Priorityexamples" name="cruff" time="0.002"/>
  <system-out/>
</testsuite> <!-- com.TestNG.Priorityexamples -->
