<?xml version="1.0" encoding="UTF-8"?>
<!-- Generated by org.testng.reporters.JUnitReportReporter -->
<testsuite hostname="YUVARAJ" failures="0" tests="5" name="com.TestNG.Skip_A_Testcase" time="0.013" errors="0" timestamp="2022-12-27T22:10:25 IST" skipped="1">
  <testcase classname="com.TestNG.Skip_A_Testcase" name="startthebike" time="0.003"/>
  <system-out/>
  <testcase classname="com.TestNG.Skip_A_Testcase" name="putfirstgear" time="0.003"/>
  <system-out/>
  <testcase classname="com.TestNG.Skip_A_Testcase" name="putsecondgear" time="0.003"/>
  <system-out/>
  <testcase classname="com.TestNG.Skip_A_Testcase" name="applybrake" time="0.004"/>
  <system-out/>
  <testcase classname="com.TestNG.Skip_A_Testcase" name="putthirdgear">
    <skipped/>
  </testcase> <!-- putthirdgear -->
  <system-out/>
</testsuite> <!-- com.TestNG.Skip_A_Testcase -->
