<?xml version="1.0" encoding="UTF-8"?>
<!-- Generated by org.testng.reporters.JUnitReportReporter -->
<testsuite hostname="YUVARAJ" failures="0" tests="3" name="com.TestNG.Suite_example" time="17.703" errors="0" timestamp="2022-12-27T19:54:39 IST" skipped="0">
  <testcase classname="com.TestNG.Suite_example" name="opengoogle" time="5.231"/>
  <system-out/>
  <testcase classname="com.TestNG.Suite_example" name="openfacebook" time="2.270"/>
  <system-out/>
  <testcase classname="com.TestNG.Suite_example" name="openamazon" time="10.202"/>
  <system-out/>
</testsuite> <!-- com.TestNG.Suite_example -->
